<?xml version="1.0" encoding="UTF-8"?>
<!-- Generated by org.testng.reporters.JUnitXMLReporter -->
<testsuite ignored="0" hostname="Amals_HP_Envy" failures="0" tests="4" name="ChromeTests" time="40.035" errors="0" timestamp="2026-04-22T14:28:25 EDT">
  <testcase classname="com.amalw.parallel.tests.RegistrationTest" name="testRegistration" time="12.702"/>
  <testcase classname="com.amalw.parallel.tests.RegistrationTest" name="testRegistration" time="19.96"/>
  <testcase classname="com.amalw.parallel.tests.RegistrationTest" name="testRegistration" time="24.56"/>
  <testcase classname="com.amalw.parallel.tests.RegistrationTest" name="testRegistration" time="26.345"/>
</testsuite> <!-- ChromeTests -->
