<?xml version="1.0" encoding="UTF-8"?>
<!-- Generated by org.testng.reporters.JUnitXMLReporter -->
<testsuite ignored="0" hostname="Amals_HP_Envy" failures="0" tests="4" name="EdgeTests" time="40.261" errors="0" timestamp="2026-04-22T14:28:25 EDT">
  <testcase classname="com.amalw.parallel.tests.RegistrationTest" name="testRegistration" time="17.703"/>
  <testcase classname="com.amalw.parallel.tests.RegistrationTest" name="testRegistration" time="19.57"/>
  <testcase classname="com.amalw.parallel.tests.RegistrationTest" name="testRegistration" time="21.611"/>
  <testcase classname="com.amalw.parallel.tests.RegistrationTest" name="testRegistration" time="21.776"/>
</testsuite> <!-- EdgeTests -->
