<?xml version="1.0" encoding="UTF-8"?>
<!-- Generated by org.testng.reporters.JUnitXMLReporter -->
<testsuite ignored="0" hostname="Amals_HP_Envy" failures="0" tests="4" name="FirefoxTests" time="39.929" errors="0" timestamp="2026-04-22T14:28:25 EDT">
  <testcase classname="com.amalw.parallel.tests.RegistrationTest" name="testRegistration" time="4.646"/>
  <testcase classname="com.amalw.parallel.tests.RegistrationTest" name="testRegistration" time="4.406"/>
  <testcase classname="com.amalw.parallel.tests.RegistrationTest" name="testRegistration" time="4.979"/>
  <testcase classname="com.amalw.parallel.tests.RegistrationTest" name="testRegistration" time="4.692"/>
</testsuite> <!-- FirefoxTests -->
