<?xml version="1.0" encoding="UTF-8"?>
<testng-results ignored="0" total="12" passed="12" failed="0" skipped="0">
  <reporter-output>
  </reporter-output>
  <suite started-at="2026-04-22T14:27:45 EDT" name="ParallelRegistrationSuite" finished-at="2026-04-22T14:28:25 EDT" duration-ms="40261">
    <groups>
    </groups>
    <test started-at="2026-04-22T14:27:45 EDT" name="FirefoxTests" finished-at="2026-04-22T14:28:25 EDT" duration-ms="39929">
      <class name="com.amalw.parallel.tests.RegistrationTest">
        <test-method is-config="true" signature="setUp(java.lang.String)[pri:0, instance:com.amalw.parallel.tests.RegistrationTest@561b6512]" started-at="2026-04-22T14:27:45 EDT" name="setUp" finished-at="2026-04-22T14:28:17 EDT" duration-ms="31962" status="PASS">
          <params>
            <param index="0">
              <value>
                <![CDATA[firefox]]>
              </value>
            </param>
          </params>
          <reporter-output>
          </reporter-output>
        </test-method> <!-- setUp -->
        <test-method is-config="true" signature="setUp(java.lang.String)[pri:0, instance:com.amalw.parallel.tests.RegistrationTest@561b6512]" started-at="2026-04-22T14:27:45 EDT" name="setUp" finished-at="2026-04-22T14:28:17 EDT" duration-ms="31936" status="PASS">
          <params>
            <param index="0">
              <value>
                <![CDATA[firefox]]>
              </value>
            </param>
          </params>
          <reporter-output>
          </reporter-output>
        </test-method> <!-- setUp -->
        <test-method is-config="true" signature="setUp(java.lang.String)[pri:0, instance:com.amalw.parallel.tests.RegistrationTest@561b6512]" started-at="2026-04-22T14:27:45 EDT" name="setUp" finished-at="2026-04-22T14:28:17 EDT" duration-ms="32325" status="PASS">
          <params>
            <param index="0">
              <value>
                <![CDATA[firefox]]>
              </value>
            </param>
          </params>
          <reporter-output>
          </reporter-output>
        </test-method> <!-- setUp -->
        <test-method is-config="true" signature="setUp(java.lang.String)[pri:0, instance:com.amalw.parallel.tests.RegistrationTest@561b6512]" started-at="2026-04-22T14:27:45 EDT" name="setUp" finished-at="2026-04-22T14:28:17 EDT" duration-ms="32205" status="PASS">
          <params>
            <param index="0">
              <value>
                <![CDATA[firefox]]>
              </value>
            </param>
          </params>
          <reporter-output>
          </reporter-output>
        </test-method> <!-- setUp -->
        <test-method signature="testRegistration(java.lang.String,java.lang.String,java.lang.String,java.lang.String,java.lang.String,java.lang.String)[pri:0, instance:com.amalw.parallel.tests.RegistrationTest@561b6512]" started-at="2026-04-22T14:28:17 EDT" name="testRegistration" data-provider="registrationData" finished-at="2026-04-22T14:28:22 EDT" duration-ms="4979" status="PASS">
          <params>
            <param index="0">
              <value>
                <![CDATA[John]]>
              </value>
            </param>
            <param index="1">
              <value>
                <![CDATA[Doe]]>
              </value>
            </param>
            <param index="2">
              <value>
                <![CDATA[male]]>
              </value>
            </param>
            <param index="3">
              <value>
                <![CDATA[ABC]]>
              </value>
            </param>
            <param index="4">
              <value>
                <![CDATA[Pass123!]]>
              </value>
            </param>
            <param index="5">
              <value>
                <![CDATA[Pass123!]]>
              </value>
            </param>
          </params>
          <reporter-output>
          </reporter-output>
        </test-method> <!-- testRegistration -->
        <test-method signature="testRegistration(java.lang.String,java.lang.String,java.lang.String,java.lang.String,java.lang.String,java.lang.String)[pri:0, instance:com.amalw.parallel.tests.RegistrationTest@561b6512]" started-at="2026-04-22T14:28:17 EDT" name="testRegistration" data-provider="registrationData" finished-at="2026-04-22T14:28:21 EDT" duration-ms="4646" status="PASS">
          <params>
            <param index="0">
              <value>
                <![CDATA[Liam]]>
              </value>
            </param>
            <param index="1">
              <value>
                <![CDATA[Brown]]>
              </value>
            </param>
            <param index="2">
              <value>
                <![CDATA[male]]>
              </value>
            </param>
            <param index="3">
              <value>
                <![CDATA[EFG]]>
              </value>
            </param>
            <param index="4">
              <value>
                <![CDATA[Pass123!]]>
              </value>
            </param>
            <param index="5">
              <value>
                <![CDATA[Pass123!]]>
              </value>
            </param>
          </params>
          <reporter-output>
          </reporter-output>
        </test-method> <!-- testRegistration -->
        <test-method signature="testRegistration(java.lang.String,java.lang.String,java.lang.String,java.lang.String,java.lang.String,java.lang.String)[pri:0, instance:com.amalw.parallel.tests.RegistrationTest@561b6512]" started-at="2026-04-22T14:28:17 EDT" name="testRegistration" data-provider="registrationData" finished-at="2026-04-22T14:28:21 EDT" duration-ms="4406" status="PASS">
          <params>
            <param index="0">
              <value>
                <![CDATA[John]]>
              </value>
            </param>
            <param index="1">
              <value>
                <![CDATA[Doe]]>
              </value>
            </param>
            <param index="2">
              <value>
                <![CDATA[male]]>
              </value>
            </param>
            <param index="3">
              <value>
                <![CDATA[ABC]]>
              </value>
            </param>
            <param index="4">
              <value>
                <![CDATA[Pass123!]]>
              </value>
            </param>
            <param index="5">
              <value>
                <![CDATA[Pass123!]]>
              </value>
            </param>
          </params>
          <reporter-output>
          </reporter-output>
        </test-method> <!-- testRegistration -->
        <test-method signature="testRegistration(java.lang.String,java.lang.String,java.lang.String,java.lang.String,java.lang.String,java.lang.String)[pri:0, instance:com.amalw.parallel.tests.RegistrationTest@561b6512]" started-at="2026-04-22T14:28:17 EDT" name="testRegistration" data-provider="registrationData" finished-at="2026-04-22T14:28:22 EDT" duration-ms="4692" status="PASS">
          <params>
            <param index="0">
              <value>
                <![CDATA[Emma]]>
              </value>
            </param>
            <param index="1">
              <value>
                <![CDATA[Stone]]>
              </value>
            </param>
            <param index="2">
              <value>
                <![CDATA[female]]>
              </value>
            </param>
            <param index="3">
              <value>
                <![CDATA[CDE]]>
              </value>
            </param>
            <param index="4">
              <value>
                <![CDATA[Pass123!]]>
              </value>
            </param>
            <param index="5">
              <value>
                <![CDATA[Pass123!]]>
              </value>
            </param>
          </params>
          <reporter-output>
          </reporter-output>
        </test-method> <!-- testRegistration -->
        <test-method is-config="true" signature="tearDown(org.testng.ITestResult)[pri:0, instance:com.amalw.parallel.tests.RegistrationTest@561b6512]" started-at="2026-04-22T14:28:21 EDT" name="tearDown" finished-at="2026-04-22T14:28:24 EDT" duration-ms="2555" status="PASS">
          <params>
            <param index="0">
              <value>
                <![CDATA[[TestResult name=testRegistration status=SUCCESS method=RegistrationTest.testRegistration(java.lang.String,java.lang.String,java.lang.String,java.lang.String,java.lang.String,java.lang.String)[pri:0, instance:com.amalw.parallel.tests.RegistrationTest@561b6512] output={null}]]]>
              </value>
            </param>
          </params>
          <reporter-output>
          </reporter-output>
        </test-method> <!-- tearDown -->
        <test-method is-config="true" signature="tearDown(org.testng.ITestResult)[pri:0, instance:com.amalw.parallel.tests.RegistrationTest@561b6512]" started-at="2026-04-22T14:28:21 EDT" name="tearDown" finished-at="2026-04-22T14:28:24 EDT" duration-ms="2542" status="PASS">
          <params>
            <param index="0">
              <value>
                <![CDATA[[TestResult name=testRegistration status=SUCCESS method=RegistrationTest.testRegistration(java.lang.String,java.lang.String,java.lang.String,java.lang.String,java.lang.String,java.lang.String)[pri:0, instance:com.amalw.parallel.tests.RegistrationTest@561b6512] output={null}]]]>
              </value>
            </param>
          </params>
          <reporter-output>
          </reporter-output>
        </test-method> <!-- tearDown -->
        <test-method is-config="true" signature="tearDown(org.testng.ITestResult)[pri:0, instance:com.amalw.parallel.tests.RegistrationTest@561b6512]" started-at="2026-04-22T14:28:22 EDT" name="tearDown" finished-at="2026-04-22T14:28:25 EDT" duration-ms="2972" status="PASS">
          <params>
            <param index="0">
              <value>
                <![CDATA[[TestResult name=testRegistration status=SUCCESS method=RegistrationTest.testRegistration(java.lang.String,java.lang.String,java.lang.String,java.lang.String,java.lang.String,java.lang.String)[pri:0, instance:com.amalw.parallel.tests.RegistrationTest@561b6512] output={null}]]]>
              </value>
            </param>
          </params>
          <reporter-output>
          </reporter-output>
        </test-method> <!-- tearDown -->
        <test-method is-config="true" signature="tearDown(org.testng.ITestResult)[pri:0, instance:com.amalw.parallel.tests.RegistrationTest@561b6512]" started-at="2026-04-22T14:28:22 EDT" name="tearDown" finished-at="2026-04-22T14:28:24 EDT" duration-ms="2102" status="PASS">
          <params>
            <param index="0">
              <value>
                <![CDATA[[TestResult name=testRegistration status=SUCCESS method=RegistrationTest.testRegistration(java.lang.String,java.lang.String,java.lang.String,java.lang.String,java.lang.String,java.lang.String)[pri:0, instance:com.amalw.parallel.tests.RegistrationTest@561b6512] output={null}]]]>
              </value>
            </param>
          </params>
          <reporter-output>
          </reporter-output>
        </test-method> <!-- tearDown -->
      </class> <!-- com.amalw.parallel.tests.RegistrationTest -->
    </test> <!-- FirefoxTests -->
    <test started-at="2026-04-22T14:27:45 EDT" name="ChromeTests" finished-at="2026-04-22T14:28:25 EDT" duration-ms="40035">
      <class name="com.amalw.parallel.tests.RegistrationTest">
        <test-method is-config="true" signature="setUp(java.lang.String)[pri:0, instance:com.amalw.parallel.tests.RegistrationTest@3eb25e1a]" started-at="2026-04-22T14:27:45 EDT" name="setUp" finished-at="2026-04-22T14:27:50 EDT" duration-ms="4838" status="PASS">
          <params>
            <param index="0">
              <value>
                <![CDATA[chrome]]>
              </value>
            </param>
          </params>
          <reporter-output>
          </reporter-output>
        </test-method> <!-- setUp -->
        <test-method is-config="true" signature="setUp(java.lang.String)[pri:0, instance:com.amalw.parallel.tests.RegistrationTest@3eb25e1a]" started-at="2026-04-22T14:27:45 EDT" name="setUp" finished-at="2026-04-22T14:27:50 EDT" duration-ms="4925" status="PASS">
          <params>
            <param index="0">
              <value>
                <![CDATA[chrome]]>
              </value>
            </param>
          </params>
          <reporter-output>
          </reporter-output>
        </test-method> <!-- setUp -->
        <test-method is-config="true" signature="setUp(java.lang.String)[pri:0, instance:com.amalw.parallel.tests.RegistrationTest@3eb25e1a]" started-at="2026-04-22T14:27:45 EDT" name="setUp" finished-at="2026-04-22T14:27:50 EDT" duration-ms="5021" status="PASS">
          <params>
            <param index="0">
              <value>
                <![CDATA[chrome]]>
              </value>
            </param>
          </params>
          <reporter-output>
          </reporter-output>
        </test-method> <!-- setUp -->
        <test-method is-config="true" signature="setUp(java.lang.String)[pri:0, instance:com.amalw.parallel.tests.RegistrationTest@3eb25e1a]" started-at="2026-04-22T14:27:45 EDT" name="setUp" finished-at="2026-04-22T14:27:50 EDT" duration-ms="4837" status="PASS">
          <params>
            <param index="0">
              <value>
                <![CDATA[chrome]]>
              </value>
            </param>
          </params>
          <reporter-output>
          </reporter-output>
        </test-method> <!-- setUp -->
        <test-method signature="testRegistration(java.lang.String,java.lang.String,java.lang.String,java.lang.String,java.lang.String,java.lang.String)[pri:0, instance:com.amalw.parallel.tests.RegistrationTest@3eb25e1a]" started-at="2026-04-22T14:27:50 EDT" name="testRegistration" data-provider="registrationData" finished-at="2026-04-22T14:28:16 EDT" duration-ms="26345" status="PASS">
          <params>
            <param index="0">
              <value>
                <![CDATA[John]]>
              </value>
            </param>
            <param index="1">
              <value>
                <![CDATA[Doe]]>
              </value>
            </param>
            <param index="2">
              <value>
                <![CDATA[male]]>
              </value>
            </param>
            <param index="3">
              <value>
                <![CDATA[ABC]]>
              </value>
            </param>
            <param index="4">
              <value>
                <![CDATA[Pass123!]]>
              </value>
            </param>
            <param index="5">
              <value>
                <![CDATA[Pass123!]]>
              </value>
            </param>
          </params>
          <reporter-output>
          </reporter-output>
        </test-method> <!-- testRegistration -->
        <test-method signature="testRegistration(java.lang.String,java.lang.String,java.lang.String,java.lang.String,java.lang.String,java.lang.String)[pri:0, instance:com.amalw.parallel.tests.RegistrationTest@3eb25e1a]" started-at="2026-04-22T14:27:50 EDT" name="testRegistration" data-provider="registrationData" finished-at="2026-04-22T14:28:14 EDT" duration-ms="24560" status="PASS">
          <params>
            <param index="0">
              <value>
                <![CDATA[John]]>
              </value>
            </param>
            <param index="1">
              <value>
                <![CDATA[Doe]]>
              </value>
            </param>
            <param index="2">
              <value>
                <![CDATA[male]]>
              </value>
            </param>
            <param index="3">
              <value>
                <![CDATA[ABC]]>
              </value>
            </param>
            <param index="4">
              <value>
                <![CDATA[Pass123!]]>
              </value>
            </param>
            <param index="5">
              <value>
                <![CDATA[Pass123!]]>
              </value>
            </param>
          </params>
          <reporter-output>
          </reporter-output>
        </test-method> <!-- testRegistration -->
        <test-method signature="testRegistration(java.lang.String,java.lang.String,java.lang.String,java.lang.String,java.lang.String,java.lang.String)[pri:0, instance:com.amalw.parallel.tests.RegistrationTest@3eb25e1a]" started-at="2026-04-22T14:27:50 EDT" name="testRegistration" data-provider="registrationData" finished-at="2026-04-22T14:28:10 EDT" duration-ms="19960" status="PASS">
          <params>
            <param index="0">
              <value>
                <![CDATA[Liam]]>
              </value>
            </param>
            <param index="1">
              <value>
                <![CDATA[Brown]]>
              </value>
            </param>
            <param index="2">
              <value>
                <![CDATA[male]]>
              </value>
            </param>
            <param index="3">
              <value>
                <![CDATA[EFG]]>
              </value>
            </param>
            <param index="4">
              <value>
                <![CDATA[Pass123!]]>
              </value>
            </param>
            <param index="5">
              <value>
                <![CDATA[Pass123!]]>
              </value>
            </param>
          </params>
          <reporter-output>
          </reporter-output>
        </test-method> <!-- testRegistration -->
        <test-method signature="testRegistration(java.lang.String,java.lang.String,java.lang.String,java.lang.String,java.lang.String,java.lang.String)[pri:0, instance:com.amalw.parallel.tests.RegistrationTest@3eb25e1a]" started-at="2026-04-22T14:27:50 EDT" name="testRegistration" data-provider="registrationData" finished-at="2026-04-22T14:28:02 EDT" duration-ms="12702" status="PASS">
          <params>
            <param index="0">
              <value>
                <![CDATA[Emma]]>
              </value>
            </param>
            <param index="1">
              <value>
                <![CDATA[Stone]]>
              </value>
            </param>
            <param index="2">
              <value>
                <![CDATA[female]]>
              </value>
            </param>
            <param index="3">
              <value>
                <![CDATA[CDE]]>
              </value>
            </param>
            <param index="4">
              <value>
                <![CDATA[Pass123!]]>
              </value>
            </param>
            <param index="5">
              <value>
                <![CDATA[Pass123!]]>
              </value>
            </param>
          </params>
          <reporter-output>
          </reporter-output>
        </test-method> <!-- testRegistration -->
        <test-method is-config="true" signature="tearDown(org.testng.ITestResult)[pri:0, instance:com.amalw.parallel.tests.RegistrationTest@3eb25e1a]" started-at="2026-04-22T14:28:02 EDT" name="tearDown" finished-at="2026-04-22T14:28:07 EDT" duration-ms="4077" status="PASS">
          <params>
            <param index="0">
              <value>
                <![CDATA[[TestResult name=testRegistration status=SUCCESS method=RegistrationTest.testRegistration(java.lang.String,java.lang.String,java.lang.String,java.lang.String,java.lang.String,java.lang.String)[pri:0, instance:com.amalw.parallel.tests.RegistrationTest@3eb25e1a] output={null}]]]>
              </value>
            </param>
          </params>
          <reporter-output>
          </reporter-output>
        </test-method> <!-- tearDown -->
        <test-method is-config="true" signature="tearDown(org.testng.ITestResult)[pri:0, instance:com.amalw.parallel.tests.RegistrationTest@3eb25e1a]" started-at="2026-04-22T14:28:10 EDT" name="tearDown" finished-at="2026-04-22T14:28:23 EDT" duration-ms="12948" status="PASS">
          <params>
            <param index="0">
              <value>
                <![CDATA[[TestResult name=testRegistration status=SUCCESS method=RegistrationTest.testRegistration(java.lang.String,java.lang.String,java.lang.String,java.lang.String,java.lang.String,java.lang.String)[pri:0, instance:com.amalw.parallel.tests.RegistrationTest@3eb25e1a] output={null}]]]>
              </value>
            </param>
          </params>
          <reporter-output>
          </reporter-output>
        </test-method> <!-- tearDown -->
        <test-method is-config="true" signature="tearDown(org.testng.ITestResult)[pri:0, instance:com.amalw.parallel.tests.RegistrationTest@3eb25e1a]" started-at="2026-04-22T14:28:14 EDT" name="tearDown" finished-at="2026-04-22T14:28:25 EDT" duration-ms="10591" status="PASS">
          <params>
            <param index="0">
              <value>
                <![CDATA[[TestResult name=testRegistration status=SUCCESS method=RegistrationTest.testRegistration(java.lang.String,java.lang.String,java.lang.String,java.lang.String,java.lang.String,java.lang.String)[pri:0, instance:com.amalw.parallel.tests.RegistrationTest@3eb25e1a] output={null}]]]>
              </value>
            </param>
          </params>
          <reporter-output>
          </reporter-output>
        </test-method> <!-- tearDown -->
        <test-method is-config="true" signature="tearDown(org.testng.ITestResult)[pri:0, instance:com.amalw.parallel.tests.RegistrationTest@3eb25e1a]" started-at="2026-04-22T14:28:16 EDT" name="tearDown" finished-at="2026-04-22T14:28:25 EDT" duration-ms="8792" status="PASS">
          <params>
            <param index="0">
              <value>
                <![CDATA[[TestResult name=testRegistration status=SUCCESS method=RegistrationTest.testRegistration(java.lang.String,java.lang.String,java.lang.String,java.lang.String,java.lang.String,java.lang.String)[pri:0, instance:com.amalw.parallel.tests.RegistrationTest@3eb25e1a] output={null}]]]>
              </value>
            </param>
          </params>
          <reporter-output>
          </reporter-output>
        </test-method> <!-- tearDown -->
      </class> <!-- com.amalw.parallel.tests.RegistrationTest -->
    </test> <!-- ChromeTests -->
    <test started-at="2026-04-22T14:27:45 EDT" name="EdgeTests" finished-at="2026-04-22T14:28:25 EDT" duration-ms="40261">
      <class name="com.amalw.parallel.tests.RegistrationTest">
        <test-method is-config="true" signature="setUp(java.lang.String)[pri:0, instance:com.amalw.parallel.tests.RegistrationTest@1757cd72]" started-at="2026-04-22T14:27:45 EDT" name="setUp" finished-at="2026-04-22T14:27:54 EDT" duration-ms="9580" status="PASS">
          <params>
            <param index="0">
              <value>
                <![CDATA[edge]]>
              </value>
            </param>
          </params>
          <reporter-output>
          </reporter-output>
        </test-method> <!-- setUp -->
        <test-method is-config="true" signature="setUp(java.lang.String)[pri:0, instance:com.amalw.parallel.tests.RegistrationTest@1757cd72]" started-at="2026-04-22T14:27:45 EDT" name="setUp" finished-at="2026-04-22T14:27:54 EDT" duration-ms="9720" status="PASS">
          <params>
            <param index="0">
              <value>
                <![CDATA[edge]]>
              </value>
            </param>
          </params>
          <reporter-output>
          </reporter-output>
        </test-method> <!-- setUp -->
        <test-method is-config="true" signature="setUp(java.lang.String)[pri:0, instance:com.amalw.parallel.tests.RegistrationTest@1757cd72]" started-at="2026-04-22T14:27:45 EDT" name="setUp" finished-at="2026-04-22T14:27:54 EDT" duration-ms="9544" status="PASS">
          <params>
            <param index="0">
              <value>
                <![CDATA[edge]]>
              </value>
            </param>
          </params>
          <reporter-output>
          </reporter-output>
        </test-method> <!-- setUp -->
        <test-method is-config="true" signature="setUp(java.lang.String)[pri:0, instance:com.amalw.parallel.tests.RegistrationTest@1757cd72]" started-at="2026-04-22T14:27:45 EDT" name="setUp" finished-at="2026-04-22T14:27:54 EDT" duration-ms="9661" status="PASS">
          <params>
            <param index="0">
              <value>
                <![CDATA[edge]]>
              </value>
            </param>
          </params>
          <reporter-output>
          </reporter-output>
        </test-method> <!-- setUp -->
        <test-method signature="testRegistration(java.lang.String,java.lang.String,java.lang.String,java.lang.String,java.lang.String,java.lang.String)[pri:0, instance:com.amalw.parallel.tests.RegistrationTest@1757cd72]" started-at="2026-04-22T14:27:54 EDT" name="testRegistration" data-provider="registrationData" finished-at="2026-04-22T14:28:16 EDT" duration-ms="21776" status="PASS">
          <params>
            <param index="0">
              <value>
                <![CDATA[Liam]]>
              </value>
            </param>
            <param index="1">
              <value>
                <![CDATA[Brown]]>
              </value>
            </param>
            <param index="2">
              <value>
                <![CDATA[male]]>
              </value>
            </param>
            <param index="3">
              <value>
                <![CDATA[EFG]]>
              </value>
            </param>
            <param index="4">
              <value>
                <![CDATA[Pass123!]]>
              </value>
            </param>
            <param index="5">
              <value>
                <![CDATA[Pass123!]]>
              </value>
            </param>
          </params>
          <reporter-output>
          </reporter-output>
        </test-method> <!-- testRegistration -->
        <test-method signature="testRegistration(java.lang.String,java.lang.String,java.lang.String,java.lang.String,java.lang.String,java.lang.String)[pri:0, instance:com.amalw.parallel.tests.RegistrationTest@1757cd72]" started-at="2026-04-22T14:27:54 EDT" name="testRegistration" data-provider="registrationData" finished-at="2026-04-22T14:28:14 EDT" duration-ms="19570" status="PASS">
          <params>
            <param index="0">
              <value>
                <![CDATA[John]]>
              </value>
            </param>
            <param index="1">
              <value>
                <![CDATA[Doe]]>
              </value>
            </param>
            <param index="2">
              <value>
                <![CDATA[male]]>
              </value>
            </param>
            <param index="3">
              <value>
                <![CDATA[ABC]]>
              </value>
            </param>
            <param index="4">
              <value>
                <![CDATA[Pass123!]]>
              </value>
            </param>
            <param index="5">
              <value>
                <![CDATA[Pass123!]]>
              </value>
            </param>
          </params>
          <reporter-output>
          </reporter-output>
        </test-method> <!-- testRegistration -->
        <test-method signature="testRegistration(java.lang.String,java.lang.String,java.lang.String,java.lang.String,java.lang.String,java.lang.String)[pri:0, instance:com.amalw.parallel.tests.RegistrationTest@1757cd72]" started-at="2026-04-22T14:27:54 EDT" name="testRegistration" data-provider="registrationData" finished-at="2026-04-22T14:28:16 EDT" duration-ms="21611" status="PASS">
          <params>
            <param index="0">
              <value>
                <![CDATA[Emma]]>
              </value>
            </param>
            <param index="1">
              <value>
                <![CDATA[Stone]]>
              </value>
            </param>
            <param index="2">
              <value>
                <![CDATA[female]]>
              </value>
            </param>
            <param index="3">
              <value>
                <![CDATA[CDE]]>
              </value>
            </param>
            <param index="4">
              <value>
                <![CDATA[Pass123!]]>
              </value>
            </param>
            <param index="5">
              <value>
                <![CDATA[Pass123!]]>
              </value>
            </param>
          </params>
          <reporter-output>
          </reporter-output>
        </test-method> <!-- testRegistration -->
        <test-method signature="testRegistration(java.lang.String,java.lang.String,java.lang.String,java.lang.String,java.lang.String,java.lang.String)[pri:0, instance:com.amalw.parallel.tests.RegistrationTest@1757cd72]" started-at="2026-04-22T14:27:54 EDT" name="testRegistration" data-provider="registrationData" finished-at="2026-04-22T14:28:12 EDT" duration-ms="17703" status="PASS">
          <params>
            <param index="0">
              <value>
                <![CDATA[John]]>
              </value>
            </param>
            <param index="1">
              <value>
                <![CDATA[Doe]]>
              </value>
            </param>
            <param index="2">
              <value>
                <![CDATA[male]]>
              </value>
            </param>
            <param index="3">
              <value>
                <![CDATA[ABC]]>
              </value>
            </param>
            <param index="4">
              <value>
                <![CDATA[Pass123!]]>
              </value>
            </param>
            <param index="5">
              <value>
                <![CDATA[Pass123!]]>
              </value>
            </param>
          </params>
          <reporter-output>
          </reporter-output>
        </test-method> <!-- testRegistration -->
        <test-method is-config="true" signature="tearDown(org.testng.ITestResult)[pri:0, instance:com.amalw.parallel.tests.RegistrationTest@1757cd72]" started-at="2026-04-22T14:28:12 EDT" name="tearDown" finished-at="2026-04-22T14:28:25 EDT" duration-ms="12771" status="PASS">
          <params>
            <param index="0">
              <value>
                <![CDATA[[TestResult name=testRegistration status=SUCCESS method=RegistrationTest.testRegistration(java.lang.String,java.lang.String,java.lang.String,java.lang.String,java.lang.String,java.lang.String)[pri:0, instance:com.amalw.parallel.tests.RegistrationTest@1757cd72] output={null}]]]>
              </value>
            </param>
          </params>
          <reporter-output>
          </reporter-output>
        </test-method> <!-- tearDown -->
        <test-method is-config="true" signature="tearDown(org.testng.ITestResult)[pri:0, instance:com.amalw.parallel.tests.RegistrationTest@1757cd72]" started-at="2026-04-22T14:28:14 EDT" name="tearDown" finished-at="2026-04-22T14:28:25 EDT" duration-ms="10865" status="PASS">
          <params>
            <param index="0">
              <value>
                <![CDATA[[TestResult name=testRegistration status=SUCCESS method=RegistrationTest.testRegistration(java.lang.String,java.lang.String,java.lang.String,java.lang.String,java.lang.String,java.lang.String)[pri:0, instance:com.amalw.parallel.tests.RegistrationTest@1757cd72] output={null}]]]>
              </value>
            </param>
          </params>
          <reporter-output>
          </reporter-output>
        </test-method> <!-- tearDown -->
        <test-method is-config="true" signature="tearDown(org.testng.ITestResult)[pri:0, instance:com.amalw.parallel.tests.RegistrationTest@1757cd72]" started-at="2026-04-22T14:28:16 EDT" name="tearDown" finished-at="2026-04-22T14:28:25 EDT" duration-ms="8782" status="PASS">
          <params>
            <param index="0">
              <value>
                <![CDATA[[TestResult name=testRegistration status=SUCCESS method=RegistrationTest.testRegistration(java.lang.String,java.lang.String,java.lang.String,java.lang.String,java.lang.String,java.lang.String)[pri:0, instance:com.amalw.parallel.tests.RegistrationTest@1757cd72] output={null}]]]>
              </value>
            </param>
          </params>
          <reporter-output>
          </reporter-output>
        </test-method> <!-- tearDown -->
        <test-method is-config="true" signature="tearDown(org.testng.ITestResult)[pri:0, instance:com.amalw.parallel.tests.RegistrationTest@1757cd72]" started-at="2026-04-22T14:28:16 EDT" name="tearDown" finished-at="2026-04-22T14:28:25 EDT" duration-ms="8679" status="PASS">
          <params>
            <param index="0">
              <value>
                <![CDATA[[TestResult name=testRegistration status=SUCCESS method=RegistrationTest.testRegistration(java.lang.String,java.lang.String,java.lang.String,java.lang.String,java.lang.String,java.lang.String)[pri:0, instance:com.amalw.parallel.tests.RegistrationTest@1757cd72] output={null}]]]>
              </value>
            </param>
          </params>
          <reporter-output>
          </reporter-output>
        </test-method> <!-- tearDown -->
      </class> <!-- com.amalw.parallel.tests.RegistrationTest -->
    </test> <!-- EdgeTests -->
  </suite> <!-- ParallelRegistrationSuite -->
</testng-results>
