<?xml version="1.0" encoding="UTF-8"?>
<!-- Generated by org.testng.reporters.JUnitReportReporter -->
<testsuite hostname="Amals_HP_Envy" failures="0" tests="12" name="com.amalw.parallel.tests.RegistrationTest" time="457.180" errors="0" timestamp="2026-04-22T14:28:25 EDT" skipped="0">
  <testcase classname="com.amalw.parallel.tests.RegistrationTest" name="testRegistration" time="39.286"/>
  <testcase classname="com.amalw.parallel.tests.RegistrationTest" name="testRegistration" time="33.590"/>
  <testcase classname="com.amalw.parallel.tests.RegistrationTest" name="testRegistration" time="37.932"/>
  <testcase classname="com.amalw.parallel.tests.RegistrationTest" name="testRegistration" time="39.196"/>
  <testcase classname="com.amalw.parallel.tests.RegistrationTest" name="testRegistration" time="30.575"/>
  <testcase classname="com.amalw.parallel.tests.RegistrationTest" name="testRegistration" time="35.443"/>
  <testcase classname="com.amalw.parallel.tests.RegistrationTest" name="testRegistration" time="40.194"/>
  <testcase classname="com.amalw.parallel.tests.RegistrationTest" name="testRegistration" time="39.999"/>
  <testcase classname="com.amalw.parallel.tests.RegistrationTest" name="testRegistration" time="40.156"/>
  <testcase classname="com.amalw.parallel.tests.RegistrationTest" name="testRegistration" time="39.988"/>
  <testcase classname="com.amalw.parallel.tests.RegistrationTest" name="testRegistration" time="42.137"/>
  <testcase classname="com.amalw.parallel.tests.RegistrationTest" name="testRegistration" time="38.684"/>
</testsuite> <!-- com.amalw.parallel.tests.RegistrationTest -->
